app/build/intermediates/manifest_merge_blame_file/debug/processDebugMainManifest/manifest-merger-blame-debug-report.txt
1<?xml version="1.0" encoding="utf-8"?>
2<manifest xmlns:android="http://schemas.android.com/apk/res/android"
3    package="com.example.safestudent"
4    android:versionCode="1"
5    android:versionName="1.0" >
6
7    <uses-sdk
8        android:minSdkVersion="33"
9        android:targetSdkVersion="34" />
10
11    <uses-permission android:name="android.permission.POST_NOTIFICATIONS" />
11-->src\main\AndroidManifest.xml:5:5-77
11-->src\main\AndroidManifest.xml:5:22-74
12    <uses-permission android:name="android.permission.INTERNET" />
12-->src\main\AndroidManifest.xml:33:5-67
12-->src\main\AndroidManifest.xml:33:22-64
13    <uses-permission android:name="android.permission.ACCESS_NETWORK_STATE" />
13-->src\main\AndroidManifest.xml:34:5-79
13-->src\main\AndroidManifest.xml:34:22-76
14    <uses-permission android:name="android.permission.ACCESS_FINE_LOCATION" />
14-->src\main\AndroidManifest.xml:35:5-79
14-->src\main\AndroidManifest.xml:35:22-76
15    <uses-permission android:name="android.permission.ACCESS_COARSE_LOCATION" />
15-->src\main\AndroidManifest.xml:36:5-81
15-->src\main\AndroidManifest.xml:36:22-78
16
17    <permission
17-->[androidx.core:core:1.12.0] AndroidManifest.xml:22:5-24:47
18        android:name="com.example.safestudent.DYNAMIC_RECEIVER_NOT_EXPORTED_PERMISSION"
18-->[androidx.core:core:1.12.0] AndroidManifest.xml:23:9-81
19        android:protectionLevel="signature" />
19-->[androidx.core:core:1.12.0] AndroidManifest.xml:24:9-44
20
21    <uses-permission android:name="com.example.safestudent.DYNAMIC_RECEIVER_NOT_EXPORTED_PERMISSION" />
21-->[androidx.core:core:1.12.0] AndroidManifest.xml:26:5-97
21-->[androidx.core:core:1.12.0] AndroidManifest.xml:26:22-94
22
23    <supports-screens
23-->[org.osmdroid:osmdroid-android:6.1.18] AndroidManifest.xml:9:5-12:40
24        android:anyDensity="true"
24-->[org.osmdroid:osmdroid-android:6.1.18] AndroidManifest.xml:10:9-34
25        android:largeScreens="true"
25-->[org.osmdroid:osmdroid-android:6.1.18] AndroidManifest.xml:11:9-36
26        android:normalScreens="true" />
26-->[org.osmdroid:osmdroid-android:6.1.18] AndroidManifest.xml:12:9-37
27
28    <uses-feature
28-->[org.osmdroid:osmdroid-android:6.1.18] AndroidManifest.xml:14:5-16:36
29        android:name="android.hardware.location.network"
29-->[org.osmdroid:osmdroid-android:6.1.18] AndroidManifest.xml:15:9-57
30        android:required="false" />
30-->[org.osmdroid:osmdroid-android:6.1.18] AndroidManifest.xml:16:9-33
31    <uses-feature
31-->[org.osmdroid:osmdroid-android:6.1.18] AndroidManifest.xml:17:5-19:36
32        android:name="android.hardware.location.gps"
32-->[org.osmdroid:osmdroid-android:6.1.18] AndroidManifest.xml:18:9-53
33        android:required="false" />
33-->[org.osmdroid:osmdroid-android:6.1.18] AndroidManifest.xml:19:9-33
34    <uses-feature
34-->[org.osmdroid:osmdroid-android:6.1.18] AndroidManifest.xml:20:5-22:36
35        android:name="android.hardware.telephony"
35-->[org.osmdroid:osmdroid-android:6.1.18] AndroidManifest.xml:21:9-50
36        android:required="false" />
36-->[org.osmdroid:osmdroid-android:6.1.18] AndroidManifest.xml:22:9-33
37    <uses-feature
37-->[org.osmdroid:osmdroid-android:6.1.18] AndroidManifest.xml:23:5-25:36
38        android:name="android.hardware.wifi"
38-->[org.osmdroid:osmdroid-android:6.1.18] AndroidManifest.xml:24:9-45
39        android:required="false" />
39-->[org.osmdroid:osmdroid-android:6.1.18] AndroidManifest.xml:25:9-33
40
41    <application
41-->src\main\AndroidManifest.xml:7:5-31:19
42        android:allowBackup="true"
42-->src\main\AndroidManifest.xml:8:9-35
43        android:appComponentFactory="androidx.core.app.CoreComponentFactory"
43-->[androidx.core:core:1.12.0] AndroidManifest.xml:28:18-86
44        android:dataExtractionRules="@xml/data_extraction_rules"
44-->src\main\AndroidManifest.xml:9:9-65
45        android:debuggable="true"
46        android:extractNativeLibs="false"
47        android:fullBackupContent="@xml/backup_rules"
47-->src\main\AndroidManifest.xml:10:9-54
48        android:icon="@mipmap/ic_launcher"
48-->src\main\AndroidManifest.xml:11:9-43
49        android:label="SafeStudent"
49-->src\main\AndroidManifest.xml:12:9-36
50        android:roundIcon="@mipmap/ic_launcher"
50-->src\main\AndroidManifest.xml:13:9-48
51        android:supportsRtl="true"
51-->src\main\AndroidManifest.xml:14:9-35
52        android:testOnly="true"
53        android:theme="@style/Theme.SafeStudent" >
53-->src\main\AndroidManifest.xml:15:9-49
54        <activity
54-->src\main\AndroidManifest.xml:17:9-19:40
55            android:name="com.example.safestudent.AlertaActivity"
55-->src\main\AndroidManifest.xml:18:13-66
56            android:exported="false" />
56-->src\main\AndroidManifest.xml:19:13-37
57        <activity
57-->src\main\AndroidManifest.xml:21:9-29:20
58            android:name="com.example.safestudent.MainActivity"
58-->src\main\AndroidManifest.xml:22:13-64
59            android:exported="true"
59-->src\main\AndroidManifest.xml:23:13-36
60            android:windowSoftInputMode="adjustResize" >
60-->src\main\AndroidManifest.xml:24:13-55
61            <intent-filter>
61-->src\main\AndroidManifest.xml:25:13-28:29
62                <action android:name="android.intent.action.MAIN" />
62-->src\main\AndroidManifest.xml:26:17-69
62-->src\main\AndroidManifest.xml:26:25-66
63
64                <category android:name="android.intent.category.LAUNCHER" />
64-->src\main\AndroidManifest.xml:27:17-77
64-->src\main\AndroidManifest.xml:27:27-74
65            </intent-filter>
66        </activity>
67
68        <provider
68-->[androidx.emoji2:emoji2:1.2.0] AndroidManifest.xml:24:9-32:20
69            android:name="androidx.startup.InitializationProvider"
69-->[androidx.emoji2:emoji2:1.2.0] AndroidManifest.xml:25:13-67
70            android:authorities="com.example.safestudent.androidx-startup"
70-->[androidx.emoji2:emoji2:1.2.0] AndroidManifest.xml:26:13-68
71            android:exported="false" >
71-->[androidx.emoji2:emoji2:1.2.0] AndroidManifest.xml:27:13-37
72            <meta-data
72-->[androidx.emoji2:emoji2:1.2.0] AndroidManifest.xml:29:13-31:52
73                android:name="androidx.emoji2.text.EmojiCompatInitializer"
73-->[androidx.emoji2:emoji2:1.2.0] AndroidManifest.xml:30:17-75
74                android:value="androidx.startup" />
74-->[androidx.emoji2:emoji2:1.2.0] AndroidManifest.xml:31:17-49
75            <meta-data
75-->[androidx.lifecycle:lifecycle-process:2.6.1] AndroidManifest.xml:29:13-31:52
76                android:name="androidx.lifecycle.ProcessLifecycleInitializer"
76-->[androidx.lifecycle:lifecycle-process:2.6.1] AndroidManifest.xml:30:17-78
77                android:value="androidx.startup" />
77-->[androidx.lifecycle:lifecycle-process:2.6.1] AndroidManifest.xml:31:17-49
78            <meta-data
78-->[androidx.profileinstaller:profileinstaller:1.3.0] AndroidManifest.xml:29:13-31:52
79                android:name="androidx.profileinstaller.ProfileInstallerInitializer"
79-->[androidx.profileinstaller:profileinstaller:1.3.0] AndroidManifest.xml:30:17-85
80                android:value="androidx.startup" />
80-->[androidx.profileinstaller:profileinstaller:1.3.0] AndroidManifest.xml:31:17-49
81        </provider>
82
83        <uses-library
83-->[androidx.window:window:1.0.0] AndroidManifest.xml:25:9-27:40
84            android:name="androidx.window.extensions"
84-->[androidx.window:window:1.0.0] AndroidManifest.xml:26:13-54
85            android:required="false" />
85-->[androidx.window:window:1.0.0] AndroidManifest.xml:27:13-37
86        <uses-library
86-->[androidx.window:window:1.0.0] AndroidManifest.xml:28:9-30:40
87            android:name="androidx.window.sidecar"
87-->[androidx.window:window:1.0.0] AndroidManifest.xml:29:13-51
88            android:required="false" />
88-->[androidx.window:window:1.0.0] AndroidManifest.xml:30:13-37
89
90        <service
90-->[androidx.room:room-runtime-android:2.7.0-alpha12] AndroidManifest.xml:24:9-28:63
91            android:name="androidx.room.MultiInstanceInvalidationService"
91-->[androidx.room:room-runtime-android:2.7.0-alpha12] AndroidManifest.xml:25:13-74
92            android:directBootAware="true"
92-->[androidx.room:room-runtime-android:2.7.0-alpha12] AndroidManifest.xml:26:13-43
93            android:exported="false" />
93-->[androidx.room:room-runtime-android:2.7.0-alpha12] AndroidManifest.xml:27:13-37
94
95        <receiver
95-->[androidx.profileinstaller:profileinstaller:1.3.0] AndroidManifest.xml:34:9-52:20
96            android:name="androidx.profileinstaller.ProfileInstallReceiver"
96-->[androidx.profileinstaller:profileinstaller:1.3.0] AndroidManifest.xml:35:13-76
97            android:directBootAware="false"
97-->[androidx.profileinstaller:profileinstaller:1.3.0] AndroidManifest.xml:36:13-44
98            android:enabled="true"
98-->[androidx.profileinstaller:profileinstaller:1.3.0] AndroidManifest.xml:37:13-35
99            android:exported="true"
99-->[androidx.profileinstaller:profileinstaller:1.3.0] AndroidManifest.xml:38:13-36
100            android:permission="android.permission.DUMP" >
100-->[androidx.profileinstaller:profileinstaller:1.3.0] AndroidManifest.xml:39:13-57
101            <intent-filter>
101-->[androidx.profileinstaller:profileinstaller:1.3.0] AndroidManifest.xml:40:13-42:29
102                <action android:name="androidx.profileinstaller.action.INSTALL_PROFILE" />
102-->[androidx.profileinstaller:profileinstaller:1.3.0] AndroidManifest.xml:41:17-91
102-->[androidx.profileinstaller:profileinstaller:1.3.0] AndroidManifest.xml:41:25-88
103            </intent-filter>
104            <intent-filter>
104-->[androidx.profileinstaller:profileinstaller:1.3.0] AndroidManifest.xml:43:13-45:29
105                <action android:name="androidx.profileinstaller.action.SKIP_FILE" />
105-->[androidx.profileinstaller:profileinstaller:1.3.0] AndroidManifest.xml:44:17-85
105-->[androidx.profileinstaller:profileinstaller:1.3.0] AndroidManifest.xml:44:25-82
106            </intent-filter>
107            <intent-filter>
107-->[androidx.profileinstaller:profileinstaller:1.3.0] AndroidManifest.xml:46:13-48:29
108                <action android:name="androidx.profileinstaller.action.SAVE_PROFILE" />
108-->[androidx.profileinstaller:profileinstaller:1.3.0] AndroidManifest.xml:47:17-88
108-->[androidx.profileinstaller:profileinstaller:1.3.0] AndroidManifest.xml:47:25-85
109            </intent-filter>
110            <intent-filter>
110-->[androidx.profileinstaller:profileinstaller:1.3.0] AndroidManifest.xml:49:13-51:29
111                <action android:name="androidx.profileinstaller.action.BENCHMARK_OPERATION" />
111-->[androidx.profileinstaller:profileinstaller:1.3.0] AndroidManifest.xml:50:17-95
111-->[androidx.profileinstaller:profileinstaller:1.3.0] AndroidManifest.xml:50:25-92
112            </intent-filter>
113        </receiver>
114    </application>
115
116</manifest>